[2020-02-04 08:07:58.581] [exthost] [info] extension host started
[2020-02-04 08:07:59.675] [exthost] [info] extension host started
[2020-02-04 08:07:59.740] [exthost] [info] ExtensionService#_doActivateExtension HookyQR.beautify {"startup":true,"activationEvent":"*"}
[2020-02-04 08:07:59.740] [exthost] [info] ExtensionService#loadCommonJSModule C:\Users\Anci\.p2\pool\plugins\pack.core.win32_3.6.0.201910290238\HookyQR.beautify-1.4.11\extension
[2020-02-04 08:07:59.917] [exthost] [info] ExtensionService#_doActivateExtension christian-kohler.path-intellisense {"startup":true,"activationEvent":"*"}
[2020-02-04 08:07:59.917] [exthost] [info] ExtensionService#loadCommonJSModule C:\Users\Anci\.p2\pool\plugins\pack.core.win32_3.6.0.201910290238\christian-kohler.path-intellisense-1.4.2\out\src\extension
[2020-02-04 08:07:59.953] [exthost] [info] ExtensionService#_doActivateExtension dbaeumer.vscode-eslint {"startup":true,"activationEvent":"*"}
[2020-02-04 08:07:59.953] [exthost] [info] ExtensionService#loadCommonJSModule C:\Users\Anci\.p2\pool\plugins\pack.core.win32_3.6.0.201910290238\dbaeumer.vscode-eslint-1.9.0\client\out\extension
[2020-02-04 08:08:00.051] [exthost] [info] ExtensionService#_doActivateExtension vscode.debug-auto-launch {"startup":true,"activationEvent":"*"}
[2020-02-04 08:08:00.051] [exthost] [info] ExtensionService#loadCommonJSModule c:\Users\Anci\.p2\pool\plugins\com.genuitec.eclipse.code.engine.app.win32.x86_3.6.0.201910290238\engine\resources\app\extensions\debug-auto-launch\dist\extension
[2020-02-04 08:08:00.061] [exthost] [info] ExtensionService#_doActivateExtension vscode.emmet {"startup":true,"activationEvent":"*"}
[2020-02-04 08:08:00.061] [exthost] [info] ExtensionService#loadCommonJSModule c:\Users\Anci\.p2\pool\plugins\com.genuitec.eclipse.code.engine.app.win32.x86_3.6.0.201910290238\engine\resources\app\extensions\emmet\dist\extension
[2020-02-04 08:08:00.103] [exthost] [info] ExtensionService#_doActivateExtension formulahendry.auto-close-tag {"startup":true,"activationEvent":"*"}
[2020-02-04 08:08:00.103] [exthost] [info] ExtensionService#loadCommonJSModule C:\Users\Anci\.p2\pool\plugins\pack.core.win32_3.6.0.201910290238\formulahendry.auto-close-tag-0.5.6\out\src\extension
[2020-02-04 08:08:00.109] [exthost] [info] ExtensionService#_doActivateExtension vscode.grunt {"startup":false,"activationEvent":"onCommand:workbench.action.tasks.runTask"}
[2020-02-04 08:08:00.109] [exthost] [info] ExtensionService#loadCommonJSModule c:\Users\Anci\.p2\pool\plugins\com.genuitec.eclipse.code.engine.app.win32.x86_3.6.0.201910290238\engine\resources\app\extensions\grunt\dist\main
[2020-02-04 08:08:00.117] [exthost] [info] ExtensionService#_doActivateExtension vscode.gulp {"startup":false,"activationEvent":"onCommand:workbench.action.tasks.runTask"}
[2020-02-04 08:08:00.117] [exthost] [info] ExtensionService#loadCommonJSModule c:\Users\Anci\.p2\pool\plugins\com.genuitec.eclipse.code.engine.app.win32.x86_3.6.0.201910290238\engine\resources\app\extensions\gulp\dist\main
[2020-02-04 08:08:00.124] [exthost] [info] ExtensionService#_doActivateExtension vscode.jake {"startup":false,"activationEvent":"onCommand:workbench.action.tasks.runTask"}
[2020-02-04 08:08:00.124] [exthost] [info] ExtensionService#loadCommonJSModule c:\Users\Anci\.p2\pool\plugins\com.genuitec.eclipse.code.engine.app.win32.x86_3.6.0.201910290238\engine\resources\app\extensions\jake\dist\main
[2020-02-04 08:08:00.132] [exthost] [info] ExtensionService#_doActivateExtension vscode.npm {"startup":false,"activationEvent":"onCommand:workbench.action.tasks.runTask"}
[2020-02-04 08:08:00.132] [exthost] [info] ExtensionService#loadCommonJSModule c:\Users\Anci\.p2\pool\plugins\com.genuitec.eclipse.code.engine.app.win32.x86_3.6.0.201910290238\engine\resources\app\extensions\npm\dist\main
[2020-02-04 08:08:00.165] [exthost] [info] ExtensionService#_doActivateExtension vscode.typescript-language-features {"startup":false,"activationEvent":"onCommand:workbench.action.tasks.runTask"}
[2020-02-04 08:08:00.165] [exthost] [info] ExtensionService#loadCommonJSModule c:\Users\Anci\.p2\pool\plugins\com.genuitec.eclipse.code.engine.app.win32.x86_3.6.0.201910290238\engine\resources\app\extensions\typescript-language-features\dist\extension
[2020-02-04 08:08:00.280] [exthost] [info] eager extensions activated
